<?xml version="1.0" encoding="UTF-8"?>
<!-- Generated by org.testng.reporters.JUnitReportReporter -->
<testsuite hostname="ITPL-LPTP-060" name="com.oxford.login.pkg.Login_Scripts" tests="1" failures="0" timestamp="4 Dec 2017 05:15:51 GMT" time="13.361" errors="0">
  <testcase name="fn_ValidLogin" time="13.361" classname="com.oxford.login.pkg.Login_Scripts"/>
</testsuite> <!-- com.oxford.login.pkg.Login_Scripts -->
